<?xml version="1.0" encoding="UTF-8"?>
<!-- Generated by org.testng.reporters.JUnitXMLReporter -->
<testsuite ignored="0" hostname="DESKTOP-ISPEK37" failures="1" tests="1" name="Test" time="59.527" errors="0" timestamp="2024-01-09T15:36:33 AST">
  <testcase classname="com.BritishAirways.testcases.TC_Launching_Test_001" name="LoginTest" time="0.621">
    <failure type="java.lang.AssertionError" message="expected [true] but found [false]">
      <![CDATA[java.lang.AssertionError: expected [true] but found [false]
at com.BritishAirways.testcases.TC_Launching_Test_001.LoginTest(TC_Launching_Test_001.java:21)
at java.base/java.util.ArrayList.forEach(ArrayList.java:1511)
... Removed 29 stack frames]]>
    </failure>
  </testcase> <!-- LoginTest -->
</testsuite> <!-- Test -->
